# JRE version: OpenJDK Runtime Environment Temurin-21.0.10+7 (21.0.10+7) (build 21.0.10+7-LTS)
# Java VM: OpenJDK 64-Bit Server VM Temurin-21.0.10+7 (21.0.10+7-LTS, mixed mode, sharing, tiered, compressed oops, compressed class ptrs, parallel gc, windows-amd64)
GC Precious Log:
 CardTable entry size: 512
 CPUs: 12 total, 12 available
 Memory: 5989M
 Large Page Support: Disabled
 NUMA Support: Disabled
 Compressed Oops: Enabled (32-bit)
 Alignments: Space 512K, Generation 512K, Heap 2M
 Heap Min Capacity: 100M
 Heap Initial Capacity: 100M
 Heap Max Capacity: 2G
 Pre-touch: Disabled
 Parallel Workers: 10
Heap:
 PSYoungGen      total 2048K, used 1668K [0x00000000d5580000, 0x00000000d5880000, 0x0000000100000000)
  eden space 1536K, 91% used [0x00000000d5580000,0x00000000d56e1308,0x00000000d5700000)
  from space 512K, 50% used [0x00000000d5800000,0x00000000d5840000,0x00000000d5880000)
  to   space 512K, 0% used [0x00000000d5780000,0x00000000d5780000,0x00000000d5800000)
 ParOldGen       total 182784K, used 91811K [0x0000000080000000, 0x000000008b280000, 0x00000000d5580000)
  object space 182784K, 50% used [0x0000000080000000,0x00000000859a8ef8,0x000000008b280000)
 Metaspace       used 66849K, committed 68480K, reserved 1114112K
  class space    used 7065K, committed 7744K, reserved 1048576K
GC Heap History (20 events):
Event: 52.669 GC heap before
{Heap before GC invocations=356 (full 3):
 PSYoungGen      total 2048K, used 2016K [0x00000000d5580000, 0x00000000d5880000, 0x0000000100000000)
  eden space 1536K, 100% used [0x00000000d5580000,0x00000000d5700000,0x00000000d5700000)
  from space 512K, 93% used [0x00000000d5800000,0x00000000d5878000,0x00000000d5880000)
  to   space 512K, 0% used [0x00000000d5780000,0x00000000d5780000,0x00000000d5800000)
 ParOldGen       total 182784K, used 90015K [0x0000000080000000, 0x000000008b280000, 0x00000000d5580000)
  object space 182784K, 49% used [0x0000000080000000,0x00000000857e7ec8,0x000000008b280000)
 Metaspace       used 65985K, committed 67456K, reserved 1114112K
  class space    used 6977K, committed 7616K, reserved 1048576K
}
Event: 52.672 GC heap after
{Heap after GC invocations=356 (full 3):
 PSYoungGen      total 2048K, used 512K [0x00000000d5580000, 0x00000000d5900000, 0x0000000100000000)
  eden space 1536K, 0% used [0x00000000d5580000,0x00000000d5580000,0x00000000d5700000)
  from space 512K, 100% used [0x00000000d5780000,0x00000000d5800000,0x00000000d5800000)
  to   space 1024K, 0% used [0x00000000d5800000,0x00000000d5800000,0x00000000d5900000)
 ParOldGen       total 182784K, used 90195K [0x0000000080000000, 0x000000008b280000, 0x00000000d5580000)
  object space 182784K, 49% used [0x0000000080000000,0x0000000085814ed8,0x000000008b280000)
 Metaspace       used 65985K, committed 67456K, reserved 1114112K
  class space    used 6977K, committed 7616K, reserved 1048576K
}
Event: 52.805 GC heap before
{Heap before GC invocations=357 (full 3):
 PSYoungGen      total 2048K, used 2048K [0x00000000d5580000, 0x00000000d5900000, 0x0000000100000000)
  eden space 1536K, 100% used [0x00000000d5580000,0x00000000d5700000,0x00000000d5700000)
  from space 512K, 100% used [0x00000000d5780000,0x00000000d5800000,0x00000000d5800000)
  to   space 1024K, 0% used [0x00000000d5800000,0x00000000d5800000,0x00000000d5900000)
 ParOldGen       total 182784K, used 90195K [0x0000000080000000, 0x000000008b280000, 0x00000000d5580000)
  object space 182784K, 49% used [0x0000000080000000,0x0000000085814ed8,0x000000008b280000)
 Metaspace       used 66013K, committed 67520K, reserved 1114112K
  class space    used 6977K, committed 7616K, reserved 1048576K
}
Event: 52.807 GC heap after
{Heap after GC invocations=357 (full 3):
 PSYoungGen      total 2560K, used 480K [0x00000000d5580000, 0x00000000d5900000, 0x0000000100000000)
  eden space 1536K, 0% used [0x00000000d5580000,0x00000000d5580000,0x00000000d5700000)
  from space 1024K, 46% used [0x00000000d5800000,0x00000000d5878000,0x00000000d5900000)
  to   space 1024K, 0% used [0x00000000d5700000,0x00000000d5700000,0x00000000d5800000)
 ParOldGen       total 182784K, used 90579K [0x0000000080000000, 0x000000008b280000, 0x00000000d5580000)
  object space 182784K, 49% used [0x0000000080000000,0x0000000085874ed8,0x000000008b280000)
 Metaspace       used 66013K, committed 67520K, reserved 1114112K
  class space    used 6977K, committed 7616K, reserved 1048576K
}
Event: 52.960 GC heap before
{Heap before GC invocations=358 (full 3):
 PSYoungGen      total 2560K, used 2015K [0x00000000d5580000, 0x00000000d5900000, 0x0000000100000000)
  eden space 1536K, 99% used [0x00000000d5580000,0x00000000d56ffff8,0x00000000d5700000)
  from space 1024K, 46% used [0x00000000d5800000,0x00000000d5878000,0x00000000d5900000)
  to   space 1024K, 0% used [0x00000000d5700000,0x00000000d5700000,0x00000000d5800000)
 ParOldGen       total 182784K, used 90579K [0x0000000080000000, 0x000000008b280000, 0x00000000d5580000)
  object space 182784K, 49% used [0x0000000080000000,0x0000000085874ed8,0x000000008b280000)
 Metaspace       used 66057K, committed 67648K, reserved 1114112K
  class space    used 6980K, committed 7616K, reserved 1048576K
}
Event: 52.963 GC heap after
{Heap after GC invocations=358 (full 3):
 PSYoungGen      total 2560K, used 352K [0x00000000d5580000, 0x00000000d5880000, 0x0000000100000000)
  eden space 1536K, 0% used [0x00000000d5580000,0x00000000d5580000,0x00000000d5700000)
  from space 1024K, 34% used [0x00000000d5700000,0x00000000d5758000,0x00000000d5800000)
  to   space 512K, 0% used [0x00000000d5800000,0x00000000d5800000,0x00000000d5880000)
 ParOldGen       total 182784K, used 90923K [0x0000000080000000, 0x000000008b280000, 0x00000000d5580000)
  object space 182784K, 49% used [0x0000000080000000,0x00000000858caed8,0x000000008b280000)
 Metaspace       used 66057K, committed 67648K, reserved 1114112K
  class space    used 6980K, committed 7616K, reserved 1048576K
}
Event: 53.110 GC heap before
{Heap before GC invocations=359 (full 3):
 PSYoungGen      total 2560K, used 1888K [0x00000000d5580000, 0x00000000d5880000, 0x0000000100000000)
  eden space 1536K, 100% used [0x00000000d5580000,0x00000000d5700000,0x00000000d5700000)
  from space 1024K, 34% used [0x00000000d5700000,0x00000000d5758000,0x00000000d5800000)
  to   space 512K, 0% used [0x00000000d5800000,0x00000000d5800000,0x00000000d5880000)
 ParOldGen       total 182784K, used 90923K [0x0000000080000000, 0x000000008b280000, 0x00000000d5580000)
  object space 182784K, 49% used [0x0000000080000000,0x00000000858caed8,0x000000008b280000)
 Metaspace       used 66120K, committed 67648K, reserved 1114112K
  class space    used 6992K, committed 7616K, reserved 1048576K
}
Event: 53.113 GC heap after
{Heap after GC invocations=359 (full 3):
 PSYoungGen      total 2048K, used 288K [0x00000000d5580000, 0x00000000d5880000, 0x0000000100000000)
  eden space 1536K, 0% used [0x00000000d5580000,0x00000000d5580000,0x00000000d5700000)
  from space 512K, 56% used [0x00000000d5800000,0x00000000d5848000,0x00000000d5880000)
  to   space 512K, 0% used [0x00000000d5780000,0x00000000d5780000,0x00000000d5800000)
 ParOldGen       total 182784K, used 91075K [0x0000000080000000, 0x000000008b280000, 0x00000000d5580000)
  object space 182784K, 49% used [0x0000000080000000,0x00000000858f0ee8,0x000000008b280000)
 Metaspace       used 66120K, committed 67648K, reserved 1114112K
  class space    used 6992K, committed 7616K, reserved 1048576K
}
Event: 53.321 GC heap before
{Heap before GC invocations=360 (full 3):
 PSYoungGen      total 2048K, used 1824K [0x00000000d5580000, 0x00000000d5880000, 0x0000000100000000)
  eden space 1536K, 100% used [0x00000000d5580000,0x00000000d5700000,0x00000000d5700000)
  from space 512K, 56% used [0x00000000d5800000,0x00000000d5848000,0x00000000d5880000)
  to   space 512K, 0% used [0x00000000d5780000,0x00000000d5780000,0x00000000d5800000)
 ParOldGen       total 182784K, used 91075K [0x0000000080000000, 0x000000008b280000, 0x00000000d5580000)
  object space 182784K, 49% used [0x0000000080000000,0x00000000858f0ee8,0x000000008b280000)
 Metaspace       used 66242K, committed 67840K, reserved 1114112K
  class space    used 7008K, committed 7680K, reserved 1048576K
}
Event: 53.323 GC heap after
{Heap after GC invocations=360 (full 3):
 PSYoungGen      total 2048K, used 256K [0x00000000d5580000, 0x00000000d5880000, 0x0000000100000000)
  eden space 1536K, 0% used [0x00000000d5580000,0x00000000d5580000,0x00000000d5700000)
  from space 512K, 50% used [0x00000000d5780000,0x00000000d57c0000,0x00000000d5800000)
  to   space 512K, 0% used [0x00000000d5800000,0x00000000d5800000,0x00000000d5880000)
 ParOldGen       total 182784K, used 91177K [0x0000000080000000, 0x000000008b280000, 0x00000000d5580000)
  object space 182784K, 49% used [0x0000000080000000,0x000000008590a610,0x000000008b280000)
 Metaspace       used 66242K, committed 67840K, reserved 1114112K
  class space    used 7008K, committed 7680K, reserved 1048576K
}
Event: 53.495 GC heap before
{Heap before GC invocations=361 (full 3):
 PSYoungGen      total 2048K, used 1792K [0x00000000d5580000, 0x00000000d5880000, 0x0000000100000000)
  eden space 1536K, 100% used [0x00000000d5580000,0x00000000d5700000,0x00000000d5700000)
  from space 512K, 50% used [0x00000000d5780000,0x00000000d57c0000,0x00000000d5800000)
  to   space 512K, 0% used [0x00000000d5800000,0x00000000d5800000,0x00000000d5880000)
 ParOldGen       total 182784K, used 91177K [0x0000000080000000, 0x000000008b280000, 0x00000000d5580000)
  object space 182784K, 49% used [0x0000000080000000,0x000000008590a610,0x000000008b280000)
 Metaspace       used 66357K, committed 67968K, reserved 1114112K
  class space    used 7026K, committed 7680K, reserved 1048576K
}
Event: 53.497 GC heap after
{Heap after GC invocations=361 (full 3):
 PSYoungGen      total 2048K, used 421K [0x00000000d5580000, 0x00000000d5880000, 0x0000000100000000)
  eden space 1536K, 0% used [0x00000000d5580000,0x00000000d5580000,0x00000000d5700000)
  from space 512K, 82% used [0x00000000d5800000,0x00000000d5869420,0x00000000d5880000)
  to   space 512K, 0% used [0x00000000d5780000,0x00000000d5780000,0x00000000d5800000)
 ParOldGen       total 182784K, used 91305K [0x0000000080000000, 0x000000008b280000, 0x00000000d5580000)
  object space 182784K, 49% used [0x0000000080000000,0x000000008592a610,0x000000008b280000)
 Metaspace       used 66357K, committed 67968K, reserved 1114112K
  class space    used 7026K, committed 7680K, reserved 1048576K
}
Event: 53.633 GC heap before
{Heap before GC invocations=362 (full 3):
 PSYoungGen      total 2048K, used 1957K [0x00000000d5580000, 0x00000000d5880000, 0x0000000100000000)
  eden space 1536K, 100% used [0x00000000d5580000,0x00000000d5700000,0x00000000d5700000)
  from space 512K, 82% used [0x00000000d5800000,0x00000000d5869420,0x00000000d5880000)
  to   space 512K, 0% used [0x00000000d5780000,0x00000000d5780000,0x00000000d5800000)
 ParOldGen       total 182784K, used 91305K [0x0000000080000000, 0x000000008b280000, 0x00000000d5580000)
  object space 182784K, 49% used [0x0000000080000000,0x000000008592a610,0x000000008b280000)
 Metaspace       used 66541K, committed 68096K, reserved 1114112K
  class space    used 7037K, committed 7680K, reserved 1048576K
}
Event: 53.635 GC heap after
{Heap after GC invocations=362 (full 3):
 PSYoungGen      total 2048K, used 352K [0x00000000d5580000, 0x00000000d5880000, 0x0000000100000000)
  eden space 1536K, 0% used [0x00000000d5580000,0x00000000d5580000,0x00000000d5700000)
  from space 512K, 68% used [0x00000000d5780000,0x00000000d57d8000,0x00000000d5800000)
  to   space 512K, 0% used [0x00000000d5800000,0x00000000d5800000,0x00000000d5880000)
 ParOldGen       total 182784K, used 91507K [0x0000000080000000, 0x000000008b280000, 0x00000000d5580000)
  object space 182784K, 50% used [0x0000000080000000,0x000000008595ced8,0x000000008b280000)
 Metaspace       used 66541K, committed 68096K, reserved 1114112K
  class space    used 7037K, committed 7680K, reserved 1048576K
}
Event: 53.753 GC heap before
{Heap before GC invocations=363 (full 3):
 PSYoungGen      total 2048K, used 1888K [0x00000000d5580000, 0x00000000d5880000, 0x0000000100000000)
  eden space 1536K, 100% used [0x00000000d5580000,0x00000000d5700000,0x00000000d5700000)
  from space 512K, 68% used [0x00000000d5780000,0x00000000d57d8000,0x00000000d5800000)
  to   space 512K, 0% used [0x00000000d5800000,0x00000000d5800000,0x00000000d5880000)
 ParOldGen       total 182784K, used 91507K [0x0000000080000000, 0x000000008b280000, 0x00000000d5580000)
  object space 182784K, 50% used [0x0000000080000000,0x000000008595ced8,0x000000008b280000)
 Metaspace       used 66739K, committed 68224K, reserved 1114112K
  class space    used 7057K, committed 7680K, reserved 1048576K
}
Event: 53.755 GC heap after
{Heap after GC invocations=363 (full 3):
 PSYoungGen      total 2048K, used 336K [0x00000000d5580000, 0x00000000d5880000, 0x0000000100000000)
  eden space 1536K, 0% used [0x00000000d5580000,0x00000000d5580000,0x00000000d5700000)
  from space 512K, 65% used [0x00000000d5800000,0x00000000d5854010,0x00000000d5880000)
  to   space 512K, 0% used [0x00000000d5780000,0x00000000d5780000,0x00000000d5800000)
 ParOldGen       total 182784K, used 91619K [0x0000000080000000, 0x000000008b280000, 0x00000000d5580000)
  object space 182784K, 50% used [0x0000000080000000,0x0000000085978ee8,0x000000008b280000)
 Metaspace       used 66739K, committed 68224K, reserved 1114112K
  class space    used 7057K, committed 7680K, reserved 1048576K
}
Event: 54.091 GC heap before
{Heap before GC invocations=364 (full 3):
 PSYoungGen      total 2048K, used 1872K [0x00000000d5580000, 0x00000000d5880000, 0x0000000100000000)
  eden space 1536K, 99% used [0x00000000d5580000,0x00000000d56ffff0,0x00000000d5700000)
  from space 512K, 65% used [0x00000000d5800000,0x00000000d5854010,0x00000000d5880000)
  to   space 512K, 0% used [0x00000000d5780000,0x00000000d5780000,0x00000000d5800000)
 ParOldGen       total 182784K, used 91619K [0x0000000080000000, 0x000000008b280000, 0x00000000d5580000)
  object space 182784K, 50% used [0x0000000080000000,0x0000000085978ee8,0x000000008b280000)
 Metaspace       used 66792K, committed 68416K, reserved 1114112K
  class space    used 7062K, committed 7744K, reserved 1048576K
}
Event: 54.094 GC heap after
{Heap after GC invocations=364 (full 3):
 PSYoungGen      total 2048K, used 256K [0x00000000d5580000, 0x00000000d5880000, 0x0000000100000000)
  eden space 1536K, 0% used [0x00000000d5580000,0x00000000d5580000,0x00000000d5700000)
  from space 512K, 50% used [0x00000000d5780000,0x00000000d57c0000,0x00000000d5800000)
  to   space 512K, 0% used [0x00000000d5800000,0x00000000d5800000,0x00000000d5880000)
 ParOldGen       total 182784K, used 91731K [0x0000000080000000, 0x000000008b280000, 0x00000000d5580000)
  object space 182784K, 50% used [0x0000000080000000,0x0000000085994ef8,0x000000008b280000)
 Metaspace       used 66792K, committed 68416K, reserved 1114112K
  class space    used 7062K, committed 7744K, reserved 1048576K
}
Event: 54.382 GC heap before
{Heap before GC invocations=365 (full 3):
 PSYoungGen      total 2048K, used 1791K [0x00000000d5580000, 0x00000000d5880000, 0x0000000100000000)
  eden space 1536K, 99% used [0x00000000d5580000,0x00000000d56fffc0,0x00000000d5700000)
  from space 512K, 50% used [0x00000000d5780000,0x00000000d57c0000,0x00000000d5800000)
  to   space 512K, 0% used [0x00000000d5800000,0x00000000d5800000,0x00000000d5880000)
 ParOldGen       total 182784K, used 91731K [0x0000000080000000, 0x000000008b280000, 0x00000000d5580000)
  object space 182784K, 50% used [0x0000000080000000,0x0000000085994ef8,0x000000008b280000)
 Metaspace       used 66841K, committed 68480K, reserved 1114112K
  class space    used 7065K, committed 7744K, reserved 1048576K
}
Event: 54.384 GC heap after
{Heap after GC invocations=365 (full 3):
 PSYoungGen      total 2048K, used 256K [0x00000000d5580000, 0x00000000d5880000, 0x0000000100000000)
  eden space 1536K, 0% used [0x00000000d5580000,0x00000000d5580000,0x00000000d5700000)
  from space 512K, 50% used [0x00000000d5800000,0x00000000d5840000,0x00000000d5880000)
  to   space 512K, 0% used [0x00000000d5780000,0x00000000d5780000,0x00000000d5800000)
 ParOldGen       total 182784K, used 91811K [0x0000000080000000, 0x000000008b280000, 0x00000000d5580000)
  object space 182784K, 50% used [0x0000000080000000,0x00000000859a8ef8,0x000000008b280000)
 Metaspace       used 66841K, committed 68480K, reserved 1114112K
  class space    used 7065K, committed 7744K, reserved 1048576K
}

